<?xml version="1.0" encoding="UTF-8"?>
<!-- Generated by org.testng.reporters.JUnitReportReporter -->
<testsuite hostname="COG-WIN-MAC03" failures="0" tests="1" name="testcases.PerformanceReviewTest" time="121.321" errors="0" timestamp="2022-12-12T16:53:47 IST" skipped="0">
  <testcase classname="testcases.PerformanceReviewTest" name="addReview" time="121.321"/>
  <system-out/>
</testsuite> <!-- testcases.PerformanceReviewTest -->
