<?xml version="1.0" encoding="UTF-8"?>
<!-- Generated by org.testng.reporters.JUnitReportReporter -->
<testsuite hostname="COG-WIN-MAC03" failures="0" tests="2" name="testcases.CompanySetupTest" time="379.439" errors="0" timestamp="2022-09-01T15:08:53 IST" skipped="0">
  <testcase classname="testcases.CompanySetupTest" name="ValidationCheck" time="167.219"/>
  <system-out/>
  <testcase classname="testcases.CompanySetupTest" name="addUser" time="212.220"/>
  <system-out/>
</testsuite> <!-- testcases.CompanySetupTest -->
