<?xml version="1.0" encoding="UTF-8"?>
<!-- Generated by org.testng.reporters.JUnitReportReporter -->
<testsuite hostname="COG-WIN-MAC03" failures="0" tests="1" name="testcases.CompanySetupAddUserTest" time="216.771" errors="0" timestamp="2022-12-12T16:45:24 IST" skipped="0">
  <testcase classname="testcases.CompanySetupAddUserTest" name="addUser" time="216.771"/>
  <system-out/>
</testsuite> <!-- testcases.CompanySetupAddUserTest -->
